<?xml version="1.0" encoding="UTF-8"?>
<!-- Generated by org.testng.reporters.JUnitXMLReporter -->
<testsuite ignored="0" hostname="LAPTOP-5KMFOFH9" failures="0" tests="4" name="CartTest" time="3.434" errors="0" timestamp="2024-11-21T09:48:58 IST">
  <testcase classname="com.SwagLab.TestCases.CartPageTest" name="verifyProduct" time="0.028"/>
  <testcase classname="com.SwagLab.TestCases.CartPageTest" name="vaidateRemove" time="0.096"/>
  <testcase classname="com.SwagLab.TestCases.CartPageTest" name="validateContinueShopping" time="0.293"/>
  <testcase classname="com.SwagLab.TestCases.CartPageTest" name="validateCheckOut" time="0.116"/>
</testsuite> <!-- CartTest -->
