<?xml version="1.0" encoding="UTF-8"?>
<!-- Generated by org.testng.reporters.JUnitXMLReporter -->
<testsuite ignored="4" hostname="LAPTOP-5KMFOFH9" failures="0" tests="1" name="Default test" time="3.669" errors="0" timestamp="2024-11-22T13:14:05 IST">
  <testcase classname="com.RestAPITest.HotelAPIsUsingBDD" name="createToken" time="3.626"/>
  <testcase classname="com.RestAPITest.HotelAPIsUsingBDD" name="getBookingIDs" time="0.0">
    <ignored/>
  </testcase> <!-- getBookingIDs -->
  <testcase classname="com.RestAPITest.HotelAPIsUsingBDD" name="getUsers" time="0.0">
    <ignored/>
  </testcase> <!-- getUsers -->
  <testcase classname="com.RestAPITest.HotelAPIsUsingBDD" name="getBookingDeatails" time="0.0">
    <ignored/>
  </testcase> <!-- getBookingDeatails -->
  <testcase classname="com.RestAPITest.HotelAPIsUsingBDD" name="createBooking" time="0.0">
    <ignored/>
  </testcase> <!-- createBooking -->
</testsuite> <!-- Default test -->
