<?xml version="1.0" encoding="UTF-8"?>
<testng-results ignored="4" total="5" passed="1" failed="0" skipped="0">
  <reporter-output>
  </reporter-output>
  <suite started-at="2024-11-22T13:14:01 IST" name="Default suite" finished-at="2024-11-22T13:14:05 IST" duration-ms="3669">
    <groups>
    </groups>
    <test started-at="2024-11-22T13:14:01 IST" name="Default test" finished-at="2024-11-22T13:14:05 IST" duration-ms="3669">
      <class name="com.RestAPITest.HotelAPIsUsingBDD">
        <test-method signature="createToken()[pri:0, instance:com.RestAPITest.HotelAPIsUsingBDD@1a18644]" started-at="2024-11-22T13:14:01 IST" name="createToken" finished-at="2024-11-22T13:14:04 IST" duration-ms="3626" status="PASS">
          <reporter-output>
          </reporter-output>
        </test-method> <!-- createToken -->
      </class> <!-- com.RestAPITest.HotelAPIsUsingBDD -->
    </test> <!-- Default test -->
  </suite> <!-- Default suite -->
</testng-results>
